<?xml version="1.0" encoding="UTF-8"?>
<!-- Generated by org.testng.reporters.JUnitReportReporter -->
<testsuite hostname="MallikarjunsMBP.fios-router.home" failures="0" tests="2" name="com.testngpackage.sampletestcase" time="0.009" errors="0" timestamp="2021-12-10T11:32:25 EST" skipped="0">
  <testcase classname="com.testngpackage.sampletestcase" name="verify_url" time="0.003"/>
  <system-out/>
  <testcase classname="com.testngpackage.sampletestcase" name="verify_login" time="0.006"/>
  <system-out/>
</testsuite> <!-- com.testngpackage.sampletestcase -->
