<?xml version="1.0" encoding="UTF-8"?>
<!-- Generated by org.testng.reporters.JUnitReportReporter -->
<testsuite hostname="MallikarjunsMBP.fios-router.home" failures="0" tests="1" name="com.testngpackage.SearchTest" time="0.010" errors="0" timestamp="2021-12-14T16:22:48 EST" skipped="0">
  <testcase classname="com.testngpackage.SearchTest" name="test_homelink" time="0.010"/>
  <system-out/>
</testsuite> <!-- com.testngpackage.SearchTest -->
