<?xml version="1.0" encoding="UTF-8"?>
<!-- Generated by org.testng.reporters.JUnitReportReporter -->
<testsuite hostname="MallikarjunsMBP.fios-router.home" failures="0" tests="1" name="com.testngpackage.tooltipActions" time="15.192" errors="0" timestamp="2021-12-12T13:17:05 EST" skipped="0">
  <testcase classname="com.testngpackage.tooltipActions" name="test" time="15.192"/>
  <system-out/>
</testsuite> <!-- com.testngpackage.tooltipActions -->
