<?xml version="1.0" encoding="UTF-8"?>
<!-- Generated by org.testng.reporters.JUnitReportReporter -->
<testsuite hostname="MallikarjunsMBP.fios-router.home" failures="0" tests="1" name="com.testngProject.SimpleTest" time="5.911" errors="0" timestamp="2021-12-16T17:25:43 EST" skipped="0">
  <testcase classname="com.testngProject.SimpleTest" name="testcase" time="5.911"/>
  <system-out/>
</testsuite> <!-- com.testngProject.SimpleTest -->
