<?xml version="1.0" encoding="UTF-8"?>
<!-- Generated by org.testng.reporters.JUnitReportReporter -->
<testsuite hostname="MallikarjunsMBP.fios-router.home" failures="0" tests="2" name="com.testngProject.LoginTest" time="1.512" errors="0" timestamp="2021-12-22T18:03:03 EST" skipped="0">
  <testcase classname="com.testngProject.LoginTest" name="verify_validcredentials" time="1.111"/>
  <system-out/>
  <testcase classname="com.testngProject.LoginTest" name="verify_invalidcredentials" time="0.401"/>
  <system-out/>
</testsuite> <!-- com.testngProject.LoginTest -->
