<?xml version="1.0" encoding="UTF-8"?>
<!-- Generated by org.testng.reporters.JUnitReportReporter -->
<testsuite hostname="MallikarjunsMBP.fios-router.home" failures="0" tests="1" name="com.testngProject.TestReports" time="0.844" errors="0" timestamp="2021-12-18T18:47:13 EST" skipped="0">
  <testcase classname="com.testngProject.TestReports" name="reports" time="0.844"/>
  <system-out/>
</testsuite> <!-- com.testngProject.TestReports -->
