<?xml version="1.0" encoding="UTF-8"?>
<!-- Generated by org.testng.reporters.JUnitReportReporter -->
<testsuite hostname="MallikarjunsMBP.fios-router.home" failures="0" tests="1" name="com.testngProject.TestReport2" time="0.104" errors="0" timestamp="2021-12-22T19:26:58 EST" skipped="0">
  <testcase classname="com.testngProject.TestReport2" name="gmail_link" time="0.104"/>
  <system-out/>
</testsuite> <!-- com.testngProject.TestReport2 -->
